E:\CODE_AIDE\VS2010_CODE\SOUISET\DEBUG\SOUISET.BSC
E:\CODE_AIDE\VS2010_CODE\SOUISET\DEBUG\SOUISET.EXE
E:\Code_AIDE\VS2010_code\SouiSet\Debug\SouiSet.exe.manifest
E:\CODE_AIDE\VS2010_CODE\SOUISET\DEBUG\SOUISET.ILK
E:\CODE_AIDE\VS2010_CODE\SOUISET\DEBUG\SOUISET.PDB
E:\Code_AIDE\VS2010_code\SouiSet\SouiSet\Debug\BscMake.command.1.tlog
E:\Code_AIDE\VS2010_code\SouiSet\SouiSet\Debug\bscmake.read.1.tlog
E:\Code_AIDE\VS2010_code\SouiSet\SouiSet\Debug\bscmake.write.1.tlog
E:\Code_AIDE\VS2010_code\SouiSet\SouiSet\Debug\cl.command.1.tlog
E:\Code_AIDE\VS2010_code\SouiSet\SouiSet\Debug\CL.read.1.tlog
E:\Code_AIDE\VS2010_code\SouiSet\SouiSet\Debug\CL.write.1.tlog
E:\CODE_AIDE\VS2010_CODE\SOUISET\SOUISET\DEBUG\CONFIG.OBJ
E:\CODE_AIDE\VS2010_CODE\SOUISET\SOUISET\DEBUG\CONFIG.SBR
E:\Code_AIDE\VS2010_code\SouiSet\SouiSet\Debug\custombuild.command.1.tlog
E:\Code_AIDE\VS2010_code\SouiSet\SouiSet\Debug\custombuild.read.1.tlog
E:\Code_AIDE\VS2010_code\SouiSet\SouiSet\Debug\custombuild.write.1.tlog
E:\Code_AIDE\VS2010_code\SouiSet\SouiSet\Debug\link.1040.read.1.tlog
E:\Code_AIDE\VS2010_code\SouiSet\SouiSet\Debug\link.1040.write.1.tlog
E:\Code_AIDE\VS2010_code\SouiSet\SouiSet\Debug\link.1040-cvtres.read.1.tlog
E:\Code_AIDE\VS2010_code\SouiSet\SouiSet\Debug\link.1040-cvtres.write.1.tlog
E:\Code_AIDE\VS2010_code\SouiSet\SouiSet\Debug\link.11068.read.1.tlog
E:\Code_AIDE\VS2010_code\SouiSet\SouiSet\Debug\link.11068.write.1.tlog
E:\Code_AIDE\VS2010_code\SouiSet\SouiSet\Debug\link.11068-cvtres.read.1.tlog
E:\Code_AIDE\VS2010_code\SouiSet\SouiSet\Debug\link.11068-cvtres.write.1.tlog
E:\Code_AIDE\VS2010_code\SouiSet\SouiSet\Debug\link.11604.read.1.tlog
E:\Code_AIDE\VS2010_code\SouiSet\SouiSet\Debug\link.11604.write.1.tlog
E:\Code_AIDE\VS2010_code\SouiSet\SouiSet\Debug\link.11604-cvtres.read.1.tlog
E:\Code_AIDE\VS2010_code\SouiSet\SouiSet\Debug\link.11604-cvtres.write.1.tlog
E:\Code_AIDE\VS2010_code\SouiSet\SouiSet\Debug\link.12084.read.1.tlog
E:\Code_AIDE\VS2010_code\SouiSet\SouiSet\Debug\link.12084.write.1.tlog
E:\Code_AIDE\VS2010_code\SouiSet\SouiSet\Debug\link.12084-cvtres.read.1.tlog
E:\Code_AIDE\VS2010_code\SouiSet\SouiSet\Debug\link.12084-cvtres.write.1.tlog
E:\Code_AIDE\VS2010_code\SouiSet\SouiSet\Debug\link.12864.read.1.tlog
E:\Code_AIDE\VS2010_code\SouiSet\SouiSet\Debug\link.12864.write.1.tlog
E:\Code_AIDE\VS2010_code\SouiSet\SouiSet\Debug\link.12864-cvtres.read.1.tlog
E:\Code_AIDE\VS2010_code\SouiSet\SouiSet\Debug\link.12864-cvtres.write.1.tlog
E:\Code_AIDE\VS2010_code\SouiSet\SouiSet\Debug\link.14004.read.1.tlog
E:\Code_AIDE\VS2010_code\SouiSet\SouiSet\Debug\link.14004.write.1.tlog
E:\Code_AIDE\VS2010_code\SouiSet\SouiSet\Debug\link.14004-cvtres.read.1.tlog
E:\Code_AIDE\VS2010_code\SouiSet\SouiSet\Debug\link.14004-cvtres.write.1.tlog
E:\Code_AIDE\VS2010_code\SouiSet\SouiSet\Debug\link.2028.read.1.tlog
E:\Code_AIDE\VS2010_code\SouiSet\SouiSet\Debug\link.2028.write.1.tlog
E:\Code_AIDE\VS2010_code\SouiSet\SouiSet\Debug\link.2028-cvtres.read.1.tlog
E:\Code_AIDE\VS2010_code\SouiSet\SouiSet\Debug\link.2028-cvtres.write.1.tlog
E:\Code_AIDE\VS2010_code\SouiSet\SouiSet\Debug\link.3712.read.1.tlog
E:\Code_AIDE\VS2010_code\SouiSet\SouiSet\Debug\link.3712.write.1.tlog
E:\Code_AIDE\VS2010_code\SouiSet\SouiSet\Debug\link.3712-cvtres.read.1.tlog
E:\Code_AIDE\VS2010_code\SouiSet\SouiSet\Debug\link.3712-cvtres.write.1.tlog
E:\Code_AIDE\VS2010_code\SouiSet\SouiSet\Debug\link.3980.read.1.tlog
E:\Code_AIDE\VS2010_code\SouiSet\SouiSet\Debug\link.3980.write.1.tlog
E:\Code_AIDE\VS2010_code\SouiSet\SouiSet\Debug\link.3980-cvtres.read.1.tlog
E:\Code_AIDE\VS2010_code\SouiSet\SouiSet\Debug\link.3980-cvtres.write.1.tlog
E:\Code_AIDE\VS2010_code\SouiSet\SouiSet\Debug\link.6088.read.1.tlog
E:\Code_AIDE\VS2010_code\SouiSet\SouiSet\Debug\link.6088.write.1.tlog
E:\Code_AIDE\VS2010_code\SouiSet\SouiSet\Debug\link.6088-cvtres.read.1.tlog
E:\Code_AIDE\VS2010_code\SouiSet\SouiSet\Debug\link.6088-cvtres.write.1.tlog
E:\Code_AIDE\VS2010_code\SouiSet\SouiSet\Debug\link.6668.read.1.tlog
E:\Code_AIDE\VS2010_code\SouiSet\SouiSet\Debug\link.6668.write.1.tlog
E:\Code_AIDE\VS2010_code\SouiSet\SouiSet\Debug\link.6668-cvtres.read.1.tlog
E:\Code_AIDE\VS2010_code\SouiSet\SouiSet\Debug\link.6668-cvtres.write.1.tlog
E:\Code_AIDE\VS2010_code\SouiSet\SouiSet\Debug\link.7612.read.1.tlog
E:\Code_AIDE\VS2010_code\SouiSet\SouiSet\Debug\link.7612.write.1.tlog
E:\Code_AIDE\VS2010_code\SouiSet\SouiSet\Debug\link.7612-cvtres.read.1.tlog
E:\Code_AIDE\VS2010_code\SouiSet\SouiSet\Debug\link.7612-cvtres.write.1.tlog
E:\Code_AIDE\VS2010_code\SouiSet\SouiSet\Debug\link.9736.read.1.tlog
E:\Code_AIDE\VS2010_code\SouiSet\SouiSet\Debug\link.9736.write.1.tlog
E:\Code_AIDE\VS2010_code\SouiSet\SouiSet\Debug\link.9736-cvtres.read.1.tlog
E:\Code_AIDE\VS2010_code\SouiSet\SouiSet\Debug\link.9736-cvtres.write.1.tlog
E:\Code_AIDE\VS2010_code\SouiSet\SouiSet\Debug\link.command.1.tlog
E:\Code_AIDE\VS2010_code\SouiSet\SouiSet\Debug\link.read.1.tlog
E:\Code_AIDE\VS2010_code\SouiSet\SouiSet\Debug\link.write.1.tlog
E:\Code_AIDE\VS2010_code\SouiSet\SouiSet\Debug\link-cvtres.read.1.tlog
E:\Code_AIDE\VS2010_code\SouiSet\SouiSet\Debug\link-cvtres.write.1.tlog
E:\CODE_AIDE\VS2010_CODE\SOUISET\SOUISET\DEBUG\MAINDLG.OBJ
E:\CODE_AIDE\VS2010_CODE\SOUISET\SOUISET\DEBUG\MAINDLG.SBR
E:\Code_AIDE\VS2010_code\SouiSet\SouiSet\Debug\mt.command.1.tlog
E:\Code_AIDE\VS2010_code\SouiSet\SouiSet\Debug\mt.read.1.tlog
E:\Code_AIDE\VS2010_code\SouiSet\SouiSet\Debug\mt.write.1.tlog
E:\Code_AIDE\VS2010_code\SouiSet\SouiSet\Debug\rc.command.1.tlog
E:\Code_AIDE\VS2010_code\SouiSet\SouiSet\Debug\rc.read.1.tlog
E:\Code_AIDE\VS2010_code\SouiSet\SouiSet\Debug\rc.write.1.tlog
E:\CODE_AIDE\VS2010_CODE\SOUISET\SOUISET\DEBUG\SOUISET.EXE.INTERMEDIATE.MANIFEST
E:\CODE_AIDE\VS2010_CODE\SOUISET\SOUISET\DEBUG\SOUISET.OBJ
E:\CODE_AIDE\VS2010_CODE\SOUISET\SOUISET\DEBUG\SOUISET.PCH
E:\CODE_AIDE\VS2010_CODE\SOUISET\SOUISET\DEBUG\SOUISET.SBR
E:\Code_AIDE\VS2010_code\SouiSet\SouiSet\Debug\SouiSet.vcxprojResolveAssemblyReference.cache
E:\Code_AIDE\VS2010_code\SouiSet\SouiSet\Debug\SouiSet.write.1.tlog
E:\CODE_AIDE\VS2010_CODE\SOUISET\SOUISET\DEBUG\STDAFX.OBJ
E:\CODE_AIDE\VS2010_CODE\SOUISET\SOUISET\DEBUG\STDAFX.SBR
E:\Code_AIDE\VS2010_code\SouiSet\SouiSet\Debug\vc100.idb
E:\CODE_AIDE\VS2010_CODE\SOUISET\SOUISET\DEBUG\VC100.PDB
E:\CODE_AIDE\VS2010_CODE\SOUISET\SOUISET\RES\SOUI_RES.RC2
E:\VS2010_CODE\SOUISET\DEBUG\SOUISET.BSC
E:\VS2010_CODE\SOUISET\DEBUG\SOUISET.EXE
E:\VS2010_CODE\SOUISET\DEBUG\SOUISET.EXE.MANIFEST
E:\VS2010_CODE\SOUISET\DEBUG\SOUISET.ILK
E:\VS2010_CODE\SOUISET\DEBUG\SOUISET.PDB
E:\VS2010_CODE\SOUISET\SOUISET\DEBUG\CONFIG.OBJ
E:\VS2010_CODE\SOUISET\SOUISET\DEBUG\CONFIG.SBR
E:\VS2010_CODE\SOUISET\SOUISET\DEBUG\MAINDLG.OBJ
E:\VS2010_CODE\SOUISET\SOUISET\DEBUG\MAINDLG.SBR
E:\VS2010_CODE\SOUISET\SOUISET\DEBUG\SOUISET.EXE.INTERMEDIATE.MANIFEST
E:\VS2010_CODE\SOUISET\SOUISET\DEBUG\SOUISET.OBJ
E:\VS2010_CODE\SOUISET\SOUISET\DEBUG\SOUISET.PCH
E:\VS2010_CODE\SOUISET\SOUISET\DEBUG\SOUISET.RES
E:\VS2010_CODE\SOUISET\SOUISET\DEBUG\SOUISET.SBR
E:\VS2010_CODE\SOUISET\SOUISET\DEBUG\STDAFX.OBJ
E:\VS2010_CODE\SOUISET\SOUISET\DEBUG\STDAFX.SBR
E:\VS2010_CODE\SOUISET\SOUISET\DEBUG\VC100.PDB
E:\VS2010_CODE\SOUISET\SOUISET\RES\SOUI_RES.RC2
